<?xml version="1.0" encoding="UTF-8"?>
<testng-results skipped="0" failed="0" ignored="0" total="1" passed="1">
  <reporter-output>
  </reporter-output>
  <suite name="Default suite" duration-ms="12152" started-at="2021-03-07T12:42:28Z" finished-at="2021-03-07T12:42:40Z">
    <groups>
    </groups>
    <test name="Default test" duration-ms="12152" started-at="2021-03-07T12:42:28Z" finished-at="2021-03-07T12:42:40Z">
      <class name="testcases.testcaseproductnav001">
        <test-method status="PASS" signature="setup()[pri:0, instance:testcases.testcaseproductnav001@548e7350]" name="setup" is-config="true" duration-ms="2757" started-at="2021-03-07T12:42:28Z" finished-at="2021-03-07T12:42:31Z">
          <reporter-output>
          </reporter-output>
        </test-method> <!-- setup -->
        <test-method status="PASS" signature="BMITest()[pri:0, instance:testcases.testcaseproductnav001@548e7350]" name="BMITest" duration-ms="8122" started-at="2021-03-07T12:42:31Z" finished-at="2021-03-07T12:42:39Z">
          <reporter-output>
          </reporter-output>
        </test-method> <!-- BMITest -->
        <test-method status="PASS" signature="tearDown()[pri:0, instance:testcases.testcaseproductnav001@548e7350]" name="tearDown" is-config="true" duration-ms="1245" started-at="2021-03-07T12:42:39Z" finished-at="2021-03-07T12:42:40Z">
          <reporter-output>
          </reporter-output>
        </test-method> <!-- tearDown -->
      </class> <!-- testcases.testcaseproductnav001 -->
    </test> <!-- Default test -->
  </suite> <!-- Default suite -->
</testng-results>
